<?xml version="1.0" encoding="UTF-8"?>
<!-- Generated by org.testng.reporters.JUnitReportReporter -->
<testsuite hostname="DESKTOP-A136ETG" failures="0" tests="1" name="com.obsqura.rmartSuperMarket.testscript.PushNotificationTest" time="11.159" errors="0" timestamp="2023-07-31T07:27:08 IST" skipped="0">
  <testcase classname="com.obsqura.rmartSuperMarket.testscript.PushNotificationTest" name="isUserAbleToSendTheNotification" time="11.159"/>
</testsuite> <!-- com.obsqura.rmartSuperMarket.testscript.PushNotificationTest -->
